[6.787s] DEBUG:colcon:Command line arguments: ['/usr/bin/colcon', 'build', '--symlink-install', '--packages-select', 'ros2_triage']
[6.787s] DEBUG:colcon:Parsed command line arguments: Namespace(log_base=None, log_level=None, verb_name='build', build_base='build', install_base='install', merge_install=False, symlink_install=True, test_result_base=None, continue_on_error=False, executor='parallel', parallel_workers=2, event_handlers=None, ignore_user_meta=False, metas=['./colcon.meta'], base_paths=['.'], packages_ignore=None, packages_ignore_regex=None, paths=None, packages_up_to=None, packages_up_to_regex=None, packages_above=None, packages_above_and_dependencies=None, packages_above_depth=None, packages_select_by_dep=None, packages_skip_by_dep=None, packages_skip_up_to=None, packages_select_build_failed=False, packages_skip_build_finished=False, packages_select_test_failures=False, packages_skip_test_passed=False, packages_select=['ros2_triage'], packages_skip=None, packages_select_regex=None, packages_skip_regex=None, packages_start=None, packages_end=None, allow_overriding=[], cmake_args=None, cmake_target=None, cmake_target_skip_unavailable=False, cmake_clean_cache=False, cmake_clean_first=False, cmake_force_configure=False, ament_cmake_args=None, catkin_cmake_args=None, catkin_skip_building_tests=False, mixin_files=None, mixin=None, verb_parser=<colcon_mixin.mixin.mixin_argument.MixinArgumentDecorator object at 0x7821579b7b50>, verb_extension=<colcon_core.verb.build.BuildVerb object at 0x7821579b72e0>, main=<bound method BuildVerb.main of <colcon_core.verb.build.BuildVerb object at 0x7821579b72e0>>, mixin_verb=('build',))
[17.058s] Level 1:colcon.colcon_core.package_discovery:discover_packages(colcon_meta) check parameters
[17.064s] Level 1:colcon.colcon_core.package_discovery:discover_packages(recursive) check parameters
[17.064s] Level 1:colcon.colcon_core.package_discovery:discover_packages(ignore) check parameters
[17.064s] Level 1:colcon.colcon_core.package_discovery:discover_packages(path) check parameters
[17.064s] Level 1:colcon.colcon_core.package_discovery:discover_packages(colcon_meta) discover
[17.064s] Level 1:colcon.colcon_core.package_discovery:discover_packages(recursive) discover
[17.065s] INFO:colcon.colcon_core.package_discovery:Crawling recursively for packages in '/home/darshan/ros2_triger'
[17.073s] Level 1:colcon.colcon_core.package_identification:_identify(.) by extensions ['ignore', 'ignore_ament_install']
[17.074s] Level 1:colcon.colcon_core.package_identification:_identify(.) by extension 'ignore'
[17.074s] Level 1:colcon.colcon_core.package_identification:_identify(.) by extension 'ignore_ament_install'
[17.074s] Level 1:colcon.colcon_core.package_identification:_identify(.) by extensions ['colcon_pkg']
[17.074s] Level 1:colcon.colcon_core.package_identification:_identify(.) by extension 'colcon_pkg'
[17.074s] Level 1:colcon.colcon_core.package_identification:_identify(.) by extensions ['colcon_meta']
[17.074s] Level 1:colcon.colcon_core.package_identification:_identify(.) by extension 'colcon_meta'
[17.075s] Level 1:colcon.colcon_core.package_identification:_identify(.) by extensions ['ros']
[17.075s] Level 1:colcon.colcon_core.package_identification:_identify(.) by extension 'ros'
[17.426s] Level 1:colcon.colcon_core.package_identification:_identify(.) by extensions ['cmake', 'python']
[17.428s] Level 1:colcon.colcon_core.package_identification:_identify(.) by extension 'cmake'
[17.430s] Level 1:colcon.colcon_core.package_identification:_identify(.) by extension 'python'
[17.430s] Level 1:colcon.colcon_core.package_identification:_identify(.) by extensions ['python_setup_py']
[17.430s] Level 1:colcon.colcon_core.package_identification:_identify(.) by extension 'python_setup_py'
[17.430s] Level 1:colcon.colcon_core.package_identification:_identify(build) by extensions ['ignore', 'ignore_ament_install']
[17.434s] Level 1:colcon.colcon_core.package_identification:_identify(build) by extension 'ignore'
[17.434s] Level 1:colcon.colcon_core.package_identification:_identify(build) ignored
[17.435s] Level 1:colcon.colcon_core.package_identification:_identify(install) by extensions ['ignore', 'ignore_ament_install']
[17.435s] Level 1:colcon.colcon_core.package_identification:_identify(install) by extension 'ignore'
[17.435s] Level 1:colcon.colcon_core.package_identification:_identify(install) ignored
[17.435s] Level 1:colcon.colcon_core.package_identification:_identify(log) by extensions ['ignore', 'ignore_ament_install']
[17.435s] Level 1:colcon.colcon_core.package_identification:_identify(log) by extension 'ignore'
[17.436s] Level 1:colcon.colcon_core.package_identification:_identify(log) ignored
[17.440s] Level 1:colcon.colcon_core.package_identification:_identify(src) by extensions ['ignore', 'ignore_ament_install']
[17.440s] Level 1:colcon.colcon_core.package_identification:_identify(src) by extension 'ignore'
[17.441s] Level 1:colcon.colcon_core.package_identification:_identify(src) by extension 'ignore_ament_install'
[17.444s] Level 1:colcon.colcon_core.package_identification:_identify(src) by extensions ['colcon_pkg']
[17.445s] Level 1:colcon.colcon_core.package_identification:_identify(src) by extension 'colcon_pkg'
[17.446s] Level 1:colcon.colcon_core.package_identification:_identify(src) by extensions ['colcon_meta']
[17.446s] Level 1:colcon.colcon_core.package_identification:_identify(src) by extension 'colcon_meta'
[17.446s] Level 1:colcon.colcon_core.package_identification:_identify(src) by extensions ['ros']
[17.446s] Level 1:colcon.colcon_core.package_identification:_identify(src) by extension 'ros'
[17.446s] Level 1:colcon.colcon_core.package_identification:_identify(src) by extensions ['cmake', 'python']
[17.446s] Level 1:colcon.colcon_core.package_identification:_identify(src) by extension 'cmake'
[17.446s] Level 1:colcon.colcon_core.package_identification:_identify(src) by extension 'python'
[17.447s] Level 1:colcon.colcon_core.package_identification:_identify(src) by extensions ['python_setup_py']
[17.447s] Level 1:colcon.colcon_core.package_identification:_identify(src) by extension 'python_setup_py'
[17.454s] Level 1:colcon.colcon_core.package_identification:_identify(src/ros2_triage) by extensions ['ignore', 'ignore_ament_install']
[17.457s] Level 1:colcon.colcon_core.package_identification:_identify(src/ros2_triage) by extension 'ignore'
[17.459s] Level 1:colcon.colcon_core.package_identification:_identify(src/ros2_triage) by extension 'ignore_ament_install'
[17.459s] Level 1:colcon.colcon_core.package_identification:_identify(src/ros2_triage) by extensions ['colcon_pkg']
[17.459s] Level 1:colcon.colcon_core.package_identification:_identify(src/ros2_triage) by extension 'colcon_pkg'
[17.459s] Level 1:colcon.colcon_core.package_identification:_identify(src/ros2_triage) by extensions ['colcon_meta']
[17.459s] Level 1:colcon.colcon_core.package_identification:_identify(src/ros2_triage) by extension 'colcon_meta'
[17.460s] Level 1:colcon.colcon_core.package_identification:_identify(src/ros2_triage) by extensions ['ros']
[17.460s] Level 1:colcon.colcon_core.package_identification:_identify(src/ros2_triage) by extension 'ros'
[17.503s] DEBUG:colcon.colcon_core.package_identification:Package 'src/ros2_triage' with type 'ros.ament_python' and name 'ros2_triage'
[17.503s] Level 1:colcon.colcon_core.package_discovery:discover_packages(recursive) using defaults
[17.503s] Level 1:colcon.colcon_core.package_discovery:discover_packages(ignore) discover
[17.503s] Level 1:colcon.colcon_core.package_discovery:discover_packages(ignore) using defaults
[17.505s] Level 1:colcon.colcon_core.package_discovery:discover_packages(path) discover
[17.508s] Level 1:colcon.colcon_core.package_discovery:discover_packages(path) using defaults
[18.429s] Level 1:colcon.colcon_core.package_discovery:discover_packages(prefix_path) check parameters
[18.430s] Level 1:colcon.colcon_core.package_discovery:discover_packages(prefix_path) discover
[18.547s] DEBUG:colcon.colcon_installed_package_information.package_discovery:Found 1 installed packages in /home/darshan/ros2_triger/install
[18.611s] DEBUG:colcon.colcon_installed_package_information.package_discovery:Found 450 installed packages in /opt/ros/humble
[18.660s] Level 1:colcon.colcon_core.package_discovery:discover_packages(prefix_path) using defaults
[20.121s] Level 5:colcon.colcon_core.verb:set package 'ros2_triage' build argument 'cmake_args' from command line to 'None'
[20.125s] Level 5:colcon.colcon_core.verb:set package 'ros2_triage' build argument 'cmake_target' from command line to 'None'
[20.128s] Level 5:colcon.colcon_core.verb:set package 'ros2_triage' build argument 'cmake_target_skip_unavailable' from command line to 'False'
[20.133s] Level 5:colcon.colcon_core.verb:set package 'ros2_triage' build argument 'cmake_clean_cache' from command line to 'False'
[20.133s] Level 5:colcon.colcon_core.verb:set package 'ros2_triage' build argument 'cmake_clean_first' from command line to 'False'
[20.133s] Level 5:colcon.colcon_core.verb:set package 'ros2_triage' build argument 'cmake_force_configure' from command line to 'False'
[20.133s] Level 5:colcon.colcon_core.verb:set package 'ros2_triage' build argument 'ament_cmake_args' from command line to 'None'
[20.133s] Level 5:colcon.colcon_core.verb:set package 'ros2_triage' build argument 'catkin_cmake_args' from command line to 'None'
[20.134s] Level 5:colcon.colcon_core.verb:set package 'ros2_triage' build argument 'catkin_skip_building_tests' from command line to 'False'
[20.134s] DEBUG:colcon.colcon_core.verb:Building package 'ros2_triage' with the following arguments: {'ament_cmake_args': None, 'build_base': '/home/darshan/ros2_triger/build/ros2_triage', 'catkin_cmake_args': None, 'catkin_skip_building_tests': False, 'cmake_args': None, 'cmake_clean_cache': False, 'cmake_clean_first': False, 'cmake_force_configure': False, 'cmake_target': None, 'cmake_target_skip_unavailable': False, 'install_base': '/home/darshan/ros2_triger/install/ros2_triage', 'merge_install': False, 'path': '/home/darshan/ros2_triger/src/ros2_triage', 'symlink_install': True, 'test_result_base': None}
[20.138s] INFO:colcon.colcon_core.executor:Executing jobs using 'parallel' executor
[20.160s] DEBUG:colcon.colcon_parallel_executor.executor.parallel:run_until_complete
[20.165s] INFO:colcon.colcon_ros.task.ament_python.build:Building ROS package in '/home/darshan/ros2_triger/src/ros2_triage' with build type 'ament_python'
[20.166s] Level 1:colcon.colcon_core.shell:create_environment_hook('ros2_triage', 'ament_prefix_path')
[20.280s] INFO:colcon.colcon_core.plugin_system:Skipping extension 'colcon_core.shell.bat': Not used on non-Windows systems
[20.281s] INFO:colcon.colcon_core.shell:Creating environment hook '/home/darshan/ros2_triger/install/ros2_triage/share/ros2_triage/hook/ament_prefix_path.ps1'
[20.312s] INFO:colcon.colcon_core.shell:Creating environment descriptor '/home/darshan/ros2_triger/install/ros2_triage/share/ros2_triage/hook/ament_prefix_path.dsv'
[20.341s] INFO:colcon.colcon_core.shell:Creating environment hook '/home/darshan/ros2_triger/install/ros2_triage/share/ros2_triage/hook/ament_prefix_path.sh'
[20.368s] INFO:colcon.colcon_core.shell:Skip shell extension 'powershell' for command environment: Not usable outside of PowerShell
[20.368s] DEBUG:colcon.colcon_core.shell:Skip shell extension 'dsv' for command environment
[29.143s] INFO:colcon.colcon_core.task.python.build:Building Python package in '/home/darshan/ros2_triger/src/ros2_triage'
[29.154s] INFO:colcon.colcon_core.shell:Skip shell extension 'powershell' for command environment: Not usable outside of PowerShell
[29.154s] DEBUG:colcon.colcon_core.shell:Skip shell extension 'dsv' for command environment
[39.369s] DEBUG:colcon.colcon_core.event_handler.log_command:Invoking command in '/home/darshan/ros2_triger/build/ros2_triage': PYTHONPATH=/home/darshan/ros2_triger/build/ros2_triage/prefix_override:/usr/lib/python3/dist-packages/colcon_core/task/python/colcon_distutils_commands:/home/darshan/ros2_triger/install/ros2_triage/lib/python3.10/site-packages:${PYTHONPATH} /usr/bin/python3 -W ignore:setup.py install is deprecated -W ignore:easy_install command is deprecated setup.py develop --editable --build-directory /home/darshan/ros2_triger/build/ros2_triage/build --no-deps symlink_data
[55.745s] Level 1:colcon.colcon_core.shell:create_environment_hook('ros2_triage', 'pythonpath_develop')
[55.757s] DEBUG:colcon.colcon_core.event_handler.log_command:Invoked command in '/home/darshan/ros2_triger/build/ros2_triage' returned '0': PYTHONPATH=/home/darshan/ros2_triger/build/ros2_triage/prefix_override:/usr/lib/python3/dist-packages/colcon_core/task/python/colcon_distutils_commands:/home/darshan/ros2_triger/install/ros2_triage/lib/python3.10/site-packages:${PYTHONPATH} /usr/bin/python3 -W ignore:setup.py install is deprecated -W ignore:easy_install command is deprecated setup.py develop --editable --build-directory /home/darshan/ros2_triger/build/ros2_triage/build --no-deps symlink_data
[55.761s] INFO:colcon.colcon_core.shell:Creating environment hook '/home/darshan/ros2_triger/build/ros2_triage/share/ros2_triage/hook/pythonpath_develop.ps1'
[55.797s] INFO:colcon.colcon_core.shell:Creating environment descriptor '/home/darshan/ros2_triger/build/ros2_triage/share/ros2_triage/hook/pythonpath_develop.dsv'
[55.826s] INFO:colcon.colcon_core.shell:Creating environment hook '/home/darshan/ros2_triger/build/ros2_triage/share/ros2_triage/hook/pythonpath_develop.sh'
[56.027s] Level 1:colcon.colcon_core.environment:checking '/home/darshan/ros2_triger/install/ros2_triage' for CMake module files
[56.068s] Level 1:colcon.colcon_core.environment:checking '/home/darshan/ros2_triger/install/ros2_triage' for CMake config files
[56.092s] Level 1:colcon.colcon_core.environment:checking '/home/darshan/ros2_triger/install/ros2_triage/lib'
[56.112s] Level 1:colcon.colcon_core.environment:checking '/home/darshan/ros2_triger/install/ros2_triage/bin'
[56.112s] Level 1:colcon.colcon_core.environment:checking '/home/darshan/ros2_triger/install/ros2_triage/lib/pkgconfig/ros2_triage.pc'
[56.130s] Level 1:colcon.colcon_core.environment:checking '/home/darshan/ros2_triger/install/ros2_triage/lib/python3.10/site-packages'
[56.131s] Level 1:colcon.colcon_core.shell:create_environment_hook('ros2_triage', 'pythonpath')
[56.152s] INFO:colcon.colcon_core.shell:Creating environment hook '/home/darshan/ros2_triger/install/ros2_triage/share/ros2_triage/hook/pythonpath.ps1'
[56.188s] INFO:colcon.colcon_core.shell:Creating environment descriptor '/home/darshan/ros2_triger/install/ros2_triage/share/ros2_triage/hook/pythonpath.dsv'
[56.212s] INFO:colcon.colcon_core.shell:Creating environment hook '/home/darshan/ros2_triger/install/ros2_triage/share/ros2_triage/hook/pythonpath.sh'
[56.236s] Level 1:colcon.colcon_core.environment:checking '/home/darshan/ros2_triger/install/ros2_triage/bin'
[56.236s] Level 1:colcon.colcon_core.environment:create_environment_scripts_only(ros2_triage)
[56.256s] INFO:colcon.colcon_core.shell:Creating package script '/home/darshan/ros2_triger/install/ros2_triage/share/ros2_triage/package.ps1'
[56.283s] INFO:colcon.colcon_core.shell:Creating package descriptor '/home/darshan/ros2_triger/install/ros2_triage/share/ros2_triage/package.dsv'
[56.312s] INFO:colcon.colcon_core.shell:Creating package script '/home/darshan/ros2_triger/install/ros2_triage/share/ros2_triage/package.sh'
[56.339s] INFO:colcon.colcon_core.shell:Creating package script '/home/darshan/ros2_triger/install/ros2_triage/share/ros2_triage/package.bash'
[56.360s] INFO:colcon.colcon_core.shell:Creating package script '/home/darshan/ros2_triger/install/ros2_triage/share/ros2_triage/package.zsh'
[56.375s] Level 1:colcon.colcon_core.environment:create_file_with_runtime_dependencies(/home/darshan/ros2_triger/install/ros2_triage/share/colcon-core/packages/ros2_triage)
[56.381s] DEBUG:colcon.colcon_parallel_executor.executor.parallel:closing loop
[56.382s] DEBUG:colcon.colcon_parallel_executor.executor.parallel:loop closed
[56.382s] DEBUG:colcon.colcon_parallel_executor.executor.parallel:run_until_complete finished with '0'
[56.382s] DEBUG:colcon.colcon_core.event_reactor:joining thread
[56.789s] INFO:colcon.colcon_core.plugin_system:Skipping extension 'colcon_notification.desktop_notification.terminal_notifier': Not used on non-Darwin systems
[56.792s] INFO:colcon.colcon_core.plugin_system:Skipping extension 'colcon_notification.desktop_notification.win32': Not used on non-Windows systems
[56.792s] INFO:colcon.colcon_notification.desktop_notification:Sending desktop notification using 'notify2'
[57.563s] DEBUG:colcon.colcon_core.event_reactor:joined thread
[57.564s] INFO:colcon.colcon_core.shell:Creating prefix script '/home/darshan/ros2_triger/install/local_setup.ps1'
[57.594s] INFO:colcon.colcon_core.shell:Creating prefix util module '/home/darshan/ros2_triger/install/_local_setup_util_ps1.py'
[57.634s] INFO:colcon.colcon_core.shell:Creating prefix chain script '/home/darshan/ros2_triger/install/setup.ps1'
[57.665s] INFO:colcon.colcon_core.shell:Creating prefix script '/home/darshan/ros2_triger/install/local_setup.sh'
[57.691s] INFO:colcon.colcon_core.shell:Creating prefix util module '/home/darshan/ros2_triger/install/_local_setup_util_sh.py'
[57.707s] INFO:colcon.colcon_core.shell:Creating prefix chain script '/home/darshan/ros2_triger/install/setup.sh'
[57.734s] INFO:colcon.colcon_core.shell:Creating prefix script '/home/darshan/ros2_triger/install/local_setup.bash'
[57.747s] INFO:colcon.colcon_core.shell:Creating prefix chain script '/home/darshan/ros2_triger/install/setup.bash'
[57.781s] INFO:colcon.colcon_core.shell:Creating prefix script '/home/darshan/ros2_triger/install/local_setup.zsh'
[57.800s] INFO:colcon.colcon_core.shell:Creating prefix chain script '/home/darshan/ros2_triger/install/setup.zsh'
