running develop
running egg_info
creating ros2_triage.egg-info
writing ros2_triage.egg-info/PKG-INFO
writing dependency_links to ros2_triage.egg-info/dependency_links.txt
writing entry points to ros2_triage.egg-info/entry_points.txt
writing requirements to ros2_triage.egg-info/requires.txt
writing top-level names to ros2_triage.egg-info/top_level.txt
writing manifest file 'ros2_triage.egg-info/SOURCES.txt'
reading manifest file 'ros2_triage.egg-info/SOURCES.txt'
writing manifest file 'ros2_triage.egg-info/SOURCES.txt'
running build_ext
Creating /home/darshan/ros2_triger/install/ros2_triage/lib/python3.10/site-packages/ros2-triage.egg-link (link to .)

Installed /home/darshan/ros2_triger/build/ros2_triage
running symlink_data
creating /home/darshan/ros2_triger/install/ros2_triage/share/ament_index
creating /home/darshan/ros2_triger/install/ros2_triage/share/ament_index/resource_index
creating /home/darshan/ros2_triger/install/ros2_triage/share/ament_index/resource_index/packages
symbolically linking /home/darshan/ros2_triger/build/ros2_triage/resource/ros2_triage -> /home/darshan/ros2_triger/install/ros2_triage/share/ament_index/resource_index/packages
symbolically linking /home/darshan/ros2_triger/build/ros2_triage/package.xml -> /home/darshan/ros2_triger/install/ros2_triage/share/ros2_triage
