[1.862s] Invoking command in '/home/darshan/ros2_triger/build/ros2_triage': PYTHONPATH=/home/darshan/ros2_triger/build/ros2_triage/prefix_override:/usr/lib/python3/dist-packages/colcon_core/task/python/colcon_distutils_commands:/home/darshan/ros2_triger/install/ros2_triage/lib/python3.10/site-packages:${PYTHONPATH} /usr/bin/python3 -W ignore:setup.py install is deprecated -W ignore:easy_install command is deprecated setup.py develop --editable --build-directory /home/darshan/ros2_triger/build/ros2_triage/build --no-deps symlink_data
[2.848s] running develop
[3.550s] running egg_info
[3.550s] creating ros2_triage.egg-info
[3.550s] writing ros2_triage.egg-info/PKG-INFO
[3.552s] writing dependency_links to ros2_triage.egg-info/dependency_links.txt
[3.552s] writing entry points to ros2_triage.egg-info/entry_points.txt
[3.552s] writing requirements to ros2_triage.egg-info/requires.txt
[3.552s] writing top-level names to ros2_triage.egg-info/top_level.txt
[3.552s] writing manifest file 'ros2_triage.egg-info/SOURCES.txt'
[3.556s] reading manifest file 'ros2_triage.egg-info/SOURCES.txt'
[3.557s] writing manifest file 'ros2_triage.egg-info/SOURCES.txt'
[3.561s] running build_ext
[3.561s] Creating /home/darshan/ros2_triger/install/ros2_triage/lib/python3.10/site-packages/ros2-triage.egg-link (link to .)
[3.566s] 
[3.566s] Installed /home/darshan/ros2_triger/build/ros2_triage
[3.566s] running symlink_data
[3.566s] creating /home/darshan/ros2_triger/install/ros2_triage/share/ament_index
[3.568s] creating /home/darshan/ros2_triger/install/ros2_triage/share/ament_index/resource_index
[3.568s] creating /home/darshan/ros2_triger/install/ros2_triage/share/ament_index/resource_index/packages
[3.570s] symbolically linking /home/darshan/ros2_triger/build/ros2_triage/resource/ros2_triage -> /home/darshan/ros2_triger/install/ros2_triage/share/ament_index/resource_index/packages
[3.571s] symbolically linking /home/darshan/ros2_triger/build/ros2_triage/package.xml -> /home/darshan/ros2_triger/install/ros2_triage/share/ros2_triage
[3.649s] Invoked command in '/home/darshan/ros2_triger/build/ros2_triage' returned '0': PYTHONPATH=/home/darshan/ros2_triger/build/ros2_triage/prefix_override:/usr/lib/python3/dist-packages/colcon_core/task/python/colcon_distutils_commands:/home/darshan/ros2_triger/install/ros2_triage/lib/python3.10/site-packages:${PYTHONPATH} /usr/bin/python3 -W ignore:setup.py install is deprecated -W ignore:easy_install command is deprecated setup.py develop --editable --build-directory /home/darshan/ros2_triger/build/ros2_triage/build --no-deps symlink_data
